0 info it worked if it ends with ok
1 verbose cli [ 'node', '/Users/halhelms/.node/bin/npm', 'run', 'start' ]
2 info using npm@2.11.2
3 info using node@v0.12.2
4 verbose node symlink /usr/local/bin/node
5 verbose run-script [ 'prestart', 'start', 'poststart' ]
6 info prestart BOM_Exploder@0.12.2
7 info start BOM_Exploder@0.12.2
8 verbose unsafe-perm in lifecycle true
9 info BOM_Exploder@0.12.2 Failed to exec start script
10 verbose stack Error: BOM_Exploder@0.12.2 start: `npm run serve | npm run dev`
10 verbose stack Exit status 1
10 verbose stack     at EventEmitter.<anonymous> (/Users/halhelms/.node/lib/node_modules/npm/lib/utils/lifecycle.js:213:16)
10 verbose stack     at EventEmitter.emit (events.js:110:17)
10 verbose stack     at ChildProcess.<anonymous> (/Users/halhelms/.node/lib/node_modules/npm/lib/utils/spawn.js:24:14)
10 verbose stack     at ChildProcess.emit (events.js:110:17)
10 verbose stack     at maybeClose (child_process.js:1015:16)
10 verbose stack     at Process.ChildProcess._handle.onexit (child_process.js:1087:5)
11 verbose pkgid BOM_Exploder@0.12.2
12 verbose cwd /Users/halhelms/bom-exploder
13 error Darwin 14.3.0
14 error argv "node" "/Users/halhelms/.node/bin/npm" "run" "start"
15 error node v0.12.2
16 error npm  v2.11.2
17 error code ELIFECYCLE
18 error BOM_Exploder@0.12.2 start: `npm run serve | npm run dev`
18 error Exit status 1
19 error Failed at the BOM_Exploder@0.12.2 start script 'npm run serve | npm run dev'.
19 error This is most likely a problem with the BOM_Exploder package,
19 error not with npm itself.
19 error Tell the author that this fails on your system:
19 error     npm run serve | npm run dev
19 error You can get their info via:
19 error     npm owner ls BOM_Exploder
19 error There is likely additional logging output above.
20 verbose exit [ 1, true ]
